<?xml version="1.0" encoding="UTF-8"?>
<!-- Generated by org.testng.reporters.JUnitReportReporter -->
<testsuite hostname="Inka" failures="0" tests="5" name="tests.addemployee.YawareAddEmployeeTest" time="18.098" errors="0" timestamp="2022-05-07T02:29:10 EEST" skipped="0">
  <testcase classname="tests.addemployee.YawareAddEmployeeTest" name="YawareImportDelete" time="4.900"/>
  <system-out/>
  <testcase classname="tests.addemployee.YawareAddEmployeeTest" name="YawareImportLinux" time="3.171"/>
  <system-out/>
  <testcase classname="tests.addemployee.YawareAddEmployeeTest" name="YawareImportResend" time="4.832"/>
  <system-out/>
  <testcase classname="tests.addemployee.YawareAddEmployeeTest" name="YawareImportWindows" time="2.604"/>
  <system-out/>
  <testcase classname="tests.addemployee.YawareAddEmployeeTest" name="YawareImportMacos" time="2.591"/>
  <system-out/>
</testsuite> <!-- tests.addemployee.YawareAddEmployeeTest -->
