<?xml version="1.0" encoding="UTF-8"?>
<!-- Generated by org.testng.reporters.JUnitReportReporter -->
<testsuite hostname="Inka" failures="0" tests="5" name="tests.addemployee.YawareAddEmployeeTest" time="18.007" errors="0" timestamp="2022-05-09T09:25:06 EEST" skipped="0">
  <testcase classname="tests.addemployee.YawareAddEmployeeTest" name="YawareImportResend" time="2.767"/>
  <system-out/>
  <testcase classname="tests.addemployee.YawareAddEmployeeTest" name="YawareImportDelete" time="6.460"/>
  <system-out/>
  <testcase classname="tests.addemployee.YawareAddEmployeeTest" name="YawareImportLinux" time="2.830"/>
  <system-out/>
  <testcase classname="tests.addemployee.YawareAddEmployeeTest" name="YawareImportMacos" time="2.738"/>
  <system-out/>
  <testcase classname="tests.addemployee.YawareAddEmployeeTest" name="YawareImportWindows" time="3.212"/>
  <system-out/>
</testsuite> <!-- tests.addemployee.YawareAddEmployeeTest -->
